Started GET "/" for 127.0.0.1 at 2022-03-24 17:42:22 +0100
  [1m[35m (1.9ms)[0m  [1m[34mSELECT sqlite_version(*)[0m
Processing by Rails::WelcomeController#index as HTML
  Rendering /home/hojnik/.rbenv/versions/3.0.2/lib/ruby/gems/3.0.0/gems/railties-6.1.5/lib/rails/templates/rails/welcome/index.html.erb
  Rendered /home/hojnik/.rbenv/versions/3.0.2/lib/ruby/gems/3.0.0/gems/railties-6.1.5/lib/rails/templates/rails/welcome/index.html.erb (Duration: 7.8ms | Allocations: 595)
Completed 200 OK in 31ms (Views: 14.8ms | ActiveRecord: 0.0ms | Allocations: 4920)


Started GET "/" for 127.0.0.1 at 2022-03-24 17:44:27 +0100
  [1m[35m (0.1ms)[0m  [1m[34mSELECT sqlite_version(*)[0m
  [1m[35m (3.4ms)[0m  [1m[35mCREATE TABLE "schema_migrations" ("version" varchar NOT NULL PRIMARY KEY)[0m
  [1m[35m (3.6ms)[0m  [1m[35mCREATE TABLE "ar_internal_metadata" ("key" varchar NOT NULL PRIMARY KEY, "value" varchar, "created_at" datetime(6) NOT NULL, "updated_at" datetime(6) NOT NULL)[0m
  [1m[35m (0.4ms)[0m  [1m[34mSELECT "schema_migrations"."version" FROM "schema_migrations" ORDER BY "schema_migrations"."version" ASC[0m
  
ActiveRecord::PendingMigrationError (

Migrations are pending. To resolve this issue, run:

        bin/rails db:migrate RAILS_ENV=development

You have 1 pending migration:

20220324164254_create_posts.rb


):
  
activerecord (6.1.5) lib/active_record/migration.rb:625:in `check_pending!'
activerecord (6.1.5) lib/active_record/migration.rb:590:in `block (2 levels) in call'
activesupport (6.1.5) lib/active_support/evented_file_update_checker.rb:59:in `execute'
activesupport (6.1.5) lib/active_support/evented_file_update_checker.rb:65:in `execute_if_updated'
activerecord (6.1.5) lib/active_record/migration.rb:597:in `block in call'
activerecord (6.1.5) lib/active_record/migration.rb:587:in `synchronize'
activerecord (6.1.5) lib/active_record/migration.rb:587:in `call'
actionpack (6.1.5) lib/action_dispatch/middleware/callbacks.rb:27:in `block in call'
activesupport (6.1.5) lib/active_support/callbacks.rb:98:in `run_callbacks'
actionpack (6.1.5) lib/action_dispatch/middleware/callbacks.rb:26:in `call'
actionpack (6.1.5) lib/action_dispatch/middleware/executor.rb:14:in `call'
actionpack (6.1.5) lib/action_dispatch/middleware/actionable_exceptions.rb:18:in `call'
actionpack (6.1.5) lib/action_dispatch/middleware/debug_exceptions.rb:29:in `call'
web-console (4.2.0) lib/web_console/middleware.rb:132:in `call_app'
web-console (4.2.0) lib/web_console/middleware.rb:28:in `block in call'
web-console (4.2.0) lib/web_console/middleware.rb:17:in `catch'
web-console (4.2.0) lib/web_console/middleware.rb:17:in `call'
actionpack (6.1.5) lib/action_dispatch/middleware/show_exceptions.rb:33:in `call'
railties (6.1.5) lib/rails/rack/logger.rb:37:in `call_app'
railties (6.1.5) lib/rails/rack/logger.rb:26:in `block in call'
activesupport (6.1.5) lib/active_support/tagged_logging.rb:99:in `block in tagged'
activesupport (6.1.5) lib/active_support/tagged_logging.rb:37:in `tagged'
activesupport (6.1.5) lib/active_support/tagged_logging.rb:99:in `tagged'
railties (6.1.5) lib/rails/rack/logger.rb:26:in `call'
sprockets-rails (3.4.2) lib/sprockets/rails/quiet_assets.rb:13:in `call'
actionpack (6.1.5) lib/action_dispatch/middleware/remote_ip.rb:81:in `call'
actionpack (6.1.5) lib/action_dispatch/middleware/request_id.rb:26:in `call'
rack (2.2.3) lib/rack/method_override.rb:24:in `call'
rack (2.2.3) lib/rack/runtime.rb:22:in `call'
activesupport (6.1.5) lib/active_support/cache/strategy/local_cache_middleware.rb:29:in `call'
actionpack (6.1.5) lib/action_dispatch/middleware/executor.rb:14:in `call'
actionpack (6.1.5) lib/action_dispatch/middleware/static.rb:24:in `call'
rack (2.2.3) lib/rack/sendfile.rb:110:in `call'
actionpack (6.1.5) lib/action_dispatch/middleware/host_authorization.rb:148:in `call'
rack-mini-profiler (2.3.4) lib/mini_profiler/profiler.rb:393:in `call'
webpacker (5.4.3) lib/webpacker/dev_server_proxy.rb:25:in `perform_request'
rack-proxy (0.7.2) lib/rack/proxy.rb:67:in `call'
railties (6.1.5) lib/rails/engine.rb:539:in `call'
puma (5.6.2) lib/puma/configuration.rb:252:in `call'
puma (5.6.2) lib/puma/request.rb:77:in `block in handle_request'
puma (5.6.2) lib/puma/thread_pool.rb:340:in `with_force_shutdown'
puma (5.6.2) lib/puma/request.rb:76:in `handle_request'
puma (5.6.2) lib/puma/server.rb:441:in `process_client'
puma (5.6.2) lib/puma/thread_pool.rb:147:in `block in spawn_thread'
  [1m[35m (0.4ms)[0m  [1m[34mSELECT sqlite_version(*)[0m
  [1m[35m (0.1ms)[0m  [1m[34mSELECT "schema_migrations"."version" FROM "schema_migrations" ORDER BY "schema_migrations"."version" ASC[0m
Migrating to CreatePosts (20220324164254)
  [1m[36mTRANSACTION (0.1ms)[0m  [1m[36mbegin transaction[0m
  [1m[35m (0.4ms)[0m  [1m[35mCREATE TABLE "posts" ("id" integer PRIMARY KEY AUTOINCREMENT NOT NULL, "title" varchar, "body" varchar, "created_at" datetime(6) NOT NULL, "updated_at" datetime(6) NOT NULL)[0m
  [1m[36mActiveRecord::SchemaMigration Create (0.2ms)[0m  [1m[32mINSERT INTO "schema_migrations" ("version") VALUES (?)[0m  [["version", "20220324164254"]]
  [1m[36mTRANSACTION (3.0ms)[0m  [1m[36mcommit transaction[0m
  [1m[36mActiveRecord::InternalMetadata Load (0.2ms)[0m  [1m[34mSELECT "ar_internal_metadata".* FROM "ar_internal_metadata" WHERE "ar_internal_metadata"."key" = ? LIMIT ?[0m  [["key", "environment"], ["LIMIT", 1]]
  [1m[36mTRANSACTION (0.1ms)[0m  [1m[36mbegin transaction[0m
  [1m[36mActiveRecord::InternalMetadata Create (0.4ms)[0m  [1m[32mINSERT INTO "ar_internal_metadata" ("key", "value", "created_at", "updated_at") VALUES (?, ?, ?, ?)[0m  [["key", "environment"], ["value", "development"], ["created_at", "2022-03-24 16:46:55.438563"], ["updated_at", "2022-03-24 16:46:55.438563"]]
  [1m[36mTRANSACTION (2.6ms)[0m  [1m[36mcommit transaction[0m
  [1m[35m (0.1ms)[0m  [1m[34mSELECT sqlite_version(*)[0m
  [1m[35m (0.2ms)[0m  [1m[34mSELECT "schema_migrations"."version" FROM "schema_migrations" ORDER BY "schema_migrations"."version" ASC[0m
Started GET "/" for 127.0.0.1 at 2022-03-24 17:46:57 +0100
  [1m[35m (0.1ms)[0m  [1m[34mSELECT sqlite_version(*)[0m
  [1m[35m (0.1ms)[0m  [1m[34mSELECT "schema_migrations"."version" FROM "schema_migrations" ORDER BY "schema_migrations"."version" ASC[0m
Processing by Rails::WelcomeController#index as HTML
  Rendering /home/hojnik/.rbenv/versions/3.0.2/lib/ruby/gems/3.0.0/gems/railties-6.1.5/lib/rails/templates/rails/welcome/index.html.erb
  Rendered /home/hojnik/.rbenv/versions/3.0.2/lib/ruby/gems/3.0.0/gems/railties-6.1.5/lib/rails/templates/rails/welcome/index.html.erb (Duration: 5.3ms | Allocations: 268)
Completed 200 OK in 8ms (Views: 6.6ms | ActiveRecord: 0.0ms | Allocations: 1190)


Started GET "/" for 127.0.0.1 at 2022-03-24 17:47:32 +0100
  
ArgumentError (wrong number of arguments (given 0, expected 1..2)):
  
config/routes.rb:5:in `block in <main>'
config/routes.rb:1:in `<main>'
Started GET "/" for 127.0.0.1 at 2022-03-24 17:47:47 +0100
  
NameError (undefined local variable or method `root_path' for #<ActionDispatch::Routing::Mapper:0x00007fbd4c7c2e30 @set=#<ActionDispatch::Routing::RouteSet:0x0000559c292cd5d8>, @draw_paths=[#<Pathname:/home/hojnik/Documents/GitHub/BestMovieKolektion/config/routes>], @scope=#<ActionDispatch::Routing::Mapper::Scope:0x00007fbd4c7c2de0 @hash={:path_names=>{:new=>"new", :edit=>"edit"}}, @parent=#<ActionDispatch::Routing::Mapper::Scope:0x0000559c29215050 @hash=nil, @parent=nil, @scope_level=nil>, @scope_level=nil>, @concerns={}>):
  
config/routes.rb:5:in `block in <main>'
config/routes.rb:1:in `<main>'
Started GET "/" for 127.0.0.1 at 2022-03-24 17:47:53 +0100
  
NameError (undefined local variable or method `index' for #<ActionDispatch::Routing::Mapper:0x0000559c2935aaf0 @set=#<ActionDispatch::Routing::RouteSet:0x0000559c292cd5d8>, @draw_paths=[#<Pathname:/home/hojnik/Documents/GitHub/BestMovieKolektion/config/routes>], @scope=#<ActionDispatch::Routing::Mapper::Scope:0x0000559c2935aa78 @hash={:path_names=>{:new=>"new", :edit=>"edit"}}, @parent=#<ActionDispatch::Routing::Mapper::Scope:0x0000559c29215050 @hash=nil, @parent=nil, @scope_level=nil>, @scope_level=nil>, @concerns={}>):
  
config/routes.rb:5:in `block in <main>'
config/routes.rb:1:in `<main>'
Started GET "/posts" for 127.0.0.1 at 2022-03-24 17:48:58 +0100
Processing by PostsController#index as HTML
  Rendering layout layouts/application.html.erb
  Rendering posts/index.html.erb within layouts/application
  [1m[35m (0.1ms)[0m  [1m[34mSELECT sqlite_version(*)[0m
  â†³ app/views/posts/index.html.erb:15
  [1m[36mPost Load (0.4ms)[0m  [1m[34mSELECT "posts".* FROM "posts"[0m
  â†³ app/views/posts/index.html.erb:15
  Rendered posts/index.html.erb within layouts/application (Duration: 8.1ms | Allocations: 2054)
[Webpacker] Compiling...
[Webpacker] Compiled all packs in /home/hojnik/Documents/GitHub/BestMovieKolektion/public/packs
[Webpacker] Hash: 4949f615883aa45838a7
Version: webpack 4.46.0
Time: 1899ms
Built at: 03/24/2022 5:49:02 PM
                                     Asset       Size       Chunks                         Chunk Names
    js/application-19ade39cc333985062bf.js    125 KiB  application  [emitted] [immutable]  application
js/application-19ade39cc333985062bf.js.map    139 KiB  application  [emitted] [dev]        application
                             manifest.json  364 bytes               [emitted]              
Entrypoint application = js/application-19ade39cc333985062bf.js js/application-19ade39cc333985062bf.js.map
[./app/javascript/channels sync recursive _channel\.js$] ./app/javascript/channels sync _channel\.js$ 160 bytes {application} [built]
[./app/javascript/channels/index.js] 211 bytes {application} [built]
[./app/javascript/packs/application.js] 492 bytes {application} [built]
[./node_modules/webpack/buildin/module.js] (webpack)/buildin/module.js 552 bytes {application} [built]
    + 3 hidden modules

  Rendered layout layouts/application.html.erb (Duration: 4177.9ms | Allocations: 19808)
Completed 200 OK in 4186ms (Views: 4179.9ms | ActiveRecord: 0.8ms | Allocations: 21868)


Started GET "/" for 127.0.0.1 at 2022-03-24 17:50:17 +0100
Processing by PostsController#index as HTML
  Rendering layout layouts/application.html.erb
  Rendering posts/index.html.erb within layouts/application
  [1m[35m (0.1ms)[0m  [1m[34mSELECT sqlite_version(*)[0m
  â†³ app/views/posts/index.html.erb:15
  [1m[36mPost Load (0.3ms)[0m  [1m[34mSELECT "posts".* FROM "posts"[0m
  â†³ app/views/posts/index.html.erb:15
  Rendered posts/index.html.erb within layouts/application (Duration: 7.8ms | Allocations: 1695)
[Webpacker] Everything's up-to-date. Nothing to do
  Rendered layout layouts/application.html.erb (Duration: 16.5ms | Allocations: 4807)
Completed 200 OK in 22ms (Views: 18.3ms | ActiveRecord: 0.7ms | Allocations: 6229)


Started GET "/" for 127.0.0.1 at 2022-03-24 17:50:22 +0100
Processing by PostsController#index as HTML
  Rendering layout layouts/application.html.erb
  Rendering posts/index.html.erb within layouts/application
  [1m[36mPost Load (0.2ms)[0m  [1m[34mSELECT "posts".* FROM "posts"[0m
  â†³ app/views/posts/index.html.erb:15
  Rendered posts/index.html.erb within layouts/application (Duration: 4.9ms | Allocations: 717)
[Webpacker] Everything's up-to-date. Nothing to do
  Rendered layout layouts/application.html.erb (Duration: 13.5ms | Allocations: 3636)
Completed 200 OK in 16ms (Views: 14.5ms | ActiveRecord: 0.2ms | Allocations: 4151)


Started GET "/posts/new" for 127.0.0.1 at 2022-03-24 17:52:29 +0100
Processing by PostsController#new as HTML
  Rendering layout layouts/application.html.erb
  Rendering posts/new.html.erb within layouts/application
  Rendered posts/_form.html.erb (Duration: 38.8ms | Allocations: 8164)
  Rendered posts/new.html.erb within layouts/application (Duration: 43.0ms | Allocations: 8585)
[Webpacker] Everything's up-to-date. Nothing to do
  Rendered layout layouts/application.html.erb (Duration: 50.4ms | Allocations: 11532)
Completed 200 OK in 73ms (Views: 51.7ms | ActiveRecord: 1.7ms | Allocations: 15870)


Started POST "/posts" for 127.0.0.1 at 2022-03-24 17:52:38 +0100
Processing by PostsController#create as HTML
  Parameters: {"authenticity_token"=>"[FILTERED]", "post"=>{"title"=>"Sam da dela", "body"=>"okej deli"}, "commit"=>"Create Post"}
  [1m[36mTRANSACTION (0.1ms)[0m  [1m[36mbegin transaction[0m
  â†³ app/controllers/posts_controller.rb:27:in `block in create'
  [1m[36mPost Create (0.5ms)[0m  [1m[32mINSERT INTO "posts" ("title", "body", "created_at", "updated_at") VALUES (?, ?, ?, ?)[0m  [["title", "Sam da dela"], ["body", "okej deli"], ["created_at", "2022-03-24 16:52:38.674212"], ["updated_at", "2022-03-24 16:52:38.674212"]]
  â†³ app/controllers/posts_controller.rb:27:in `block in create'
  [1m[36mTRANSACTION (3.2ms)[0m  [1m[36mcommit transaction[0m
  â†³ app/controllers/posts_controller.rb:27:in `block in create'
Redirected to http://127.0.0.1:3000/posts/1
Completed 302 Found in 22ms (ActiveRecord: 3.8ms | Allocations: 5593)


Started GET "/posts/1" for 127.0.0.1 at 2022-03-24 17:52:38 +0100
Processing by PostsController#show as HTML
  Parameters: {"id"=>"1"}
  [1m[36mPost Load (0.3ms)[0m  [1m[34mSELECT "posts".* FROM "posts" WHERE "posts"."id" = ? LIMIT ?[0m  [["id", 1], ["LIMIT", 1]]
  â†³ app/controllers/posts_controller.rb:63:in `set_post'
  Rendering layout layouts/application.html.erb
  Rendering posts/show.html.erb within layouts/application
  Rendered posts/show.html.erb within layouts/application (Duration: 1.4ms | Allocations: 350)
[Webpacker] Everything's up-to-date. Nothing to do
  Rendered layout layouts/application.html.erb (Duration: 7.7ms | Allocations: 3405)
Completed 200 OK in 14ms (Views: 9.1ms | ActiveRecord: 0.3ms | Allocations: 5427)


Started GET "/posts" for 127.0.0.1 at 2022-03-24 17:52:39 +0100
Processing by PostsController#index as HTML
  Rendering layout layouts/application.html.erb
  Rendering posts/index.html.erb within layouts/application
  [1m[36mPost Load (0.2ms)[0m  [1m[34mSELECT "posts".* FROM "posts"[0m
  â†³ app/views/posts/index.html.erb:15
  Rendered posts/index.html.erb within layouts/application (Duration: 4.6ms | Allocations: 853)
[Webpacker] Everything's up-to-date. Nothing to do
  Rendered layout layouts/application.html.erb (Duration: 22.0ms | Allocations: 4351)
Completed 200 OK in 24ms (Views: 22.7ms | ActiveRecord: 0.2ms | Allocations: 4850)


Started GET "/posts/1/edit" for 127.0.0.1 at 2022-03-24 17:52:55 +0100
Processing by PostsController#edit as HTML
  Parameters: {"id"=>"1"}
  [1m[36mPost Load (0.2ms)[0m  [1m[34mSELECT "posts".* FROM "posts" WHERE "posts"."id" = ? LIMIT ?[0m  [["id", 1], ["LIMIT", 1]]
  â†³ app/controllers/posts_controller.rb:63:in `set_post'
  Rendering layout layouts/application.html.erb
  Rendering posts/edit.html.erb within layouts/application
  Rendered posts/_form.html.erb (Duration: 3.9ms | Allocations: 848)
  Rendered posts/edit.html.erb within layouts/application (Duration: 8.3ms | Allocations: 1543)
[Webpacker] Everything's up-to-date. Nothing to do
  Rendered layout layouts/application.html.erb (Duration: 18.2ms | Allocations: 4591)
Completed 200 OK in 25ms (Views: 19.1ms | ActiveRecord: 0.2ms | Allocations: 5727)


Started PATCH "/posts/1" for 127.0.0.1 at 2022-03-24 17:52:58 +0100
Processing by PostsController#update as HTML
  Parameters: {"authenticity_token"=>"[FILTERED]", "post"=>{"title"=>"Sam ", "body"=>"okej deli"}, "commit"=>"Update Post", "id"=>"1"}
  [1m[36mPost Load (0.2ms)[0m  [1m[34mSELECT "posts".* FROM "posts" WHERE "posts"."id" = ? LIMIT ?[0m  [["id", 1], ["LIMIT", 1]]
  â†³ app/controllers/posts_controller.rb:63:in `set_post'
  [1m[36mTRANSACTION (0.1ms)[0m  [1m[36mbegin transaction[0m
  â†³ app/controllers/posts_controller.rb:40:in `block in update'
  [1m[36mPost Update (0.5ms)[0m  [1m[33mUPDATE "posts" SET "title" = ?, "updated_at" = ? WHERE "posts"."id" = ?[0m  [["title", "Sam "], ["updated_at", "2022-03-24 16:52:58.483199"], ["id", 1]]
  â†³ app/controllers/posts_controller.rb:40:in `block in update'
  [1m[36mTRANSACTION (15.4ms)[0m  [1m[36mcommit transaction[0m
  â†³ app/controllers/posts_controller.rb:40:in `block in update'
Redirected to http://127.0.0.1:3000/posts/1
Completed 302 Found in 109ms (ActiveRecord: 16.3ms | Allocations: 5494)


Started GET "/posts/1" for 127.0.0.1 at 2022-03-24 17:52:58 +0100
Processing by PostsController#show as HTML
  Parameters: {"id"=>"1"}
  [1m[36mPost Load (0.2ms)[0m  [1m[34mSELECT "posts".* FROM "posts" WHERE "posts"."id" = ? LIMIT ?[0m  [["id", 1], ["LIMIT", 1]]
  â†³ app/controllers/posts_controller.rb:63:in `set_post'
  Rendering layout layouts/application.html.erb
  Rendering posts/show.html.erb within layouts/application
  Rendered posts/show.html.erb within layouts/application (Duration: 0.7ms | Allocations: 111)
[Webpacker] Everything's up-to-date. Nothing to do
  Rendered layout layouts/application.html.erb (Duration: 8.4ms | Allocations: 3020)
Completed 200 OK in 14ms (Views: 9.7ms | ActiveRecord: 0.2ms | Allocations: 4031)


Started GET "/posts/1/edit" for 127.0.0.1 at 2022-03-24 17:53:00 +0100
Processing by PostsController#edit as HTML
  Parameters: {"id"=>"1"}
  [1m[36mPost Load (0.4ms)[0m  [1m[34mSELECT "posts".* FROM "posts" WHERE "posts"."id" = ? LIMIT ?[0m  [["id", 1], ["LIMIT", 1]]
  â†³ app/controllers/posts_controller.rb:63:in `set_post'
  Rendering layout layouts/application.html.erb
  Rendering posts/edit.html.erb within layouts/application
  Rendered posts/_form.html.erb (Duration: 4.9ms | Allocations: 750)
  Rendered posts/edit.html.erb within layouts/application (Duration: 6.6ms | Allocations: 921)
[Webpacker] Everything's up-to-date. Nothing to do
  Rendered layout layouts/application.html.erb (Duration: 18.7ms | Allocations: 4381)
Completed 200 OK in 26ms (Views: 20.1ms | ActiveRecord: 0.4ms | Allocations: 5391)


Started GET "/posts" for 127.0.0.1 at 2022-03-24 17:53:01 +0100
Processing by PostsController#index as HTML
  Rendering layout layouts/application.html.erb
  Rendering posts/index.html.erb within layouts/application
  [1m[36mPost Load (0.3ms)[0m  [1m[34mSELECT "posts".* FROM "posts"[0m
  â†³ app/views/posts/index.html.erb:15
  Rendered posts/index.html.erb within layouts/application (Duration: 7.1ms | Allocations: 822)
[Webpacker] Everything's up-to-date. Nothing to do
  Rendered layout layouts/application.html.erb (Duration: 23.2ms | Allocations: 4323)
Completed 200 OK in 26ms (Views: 24.1ms | ActiveRecord: 0.3ms | Allocations: 4786)


Started GET "/posts/1" for 127.0.0.1 at 2022-03-24 17:53:03 +0100
Processing by PostsController#show as HTML
  Parameters: {"id"=>"1"}
  [1m[36mPost Load (0.7ms)[0m  [1m[34mSELECT "posts".* FROM "posts" WHERE "posts"."id" = ? LIMIT ?[0m  [["id", 1], ["LIMIT", 1]]
  â†³ app/controllers/posts_controller.rb:63:in `set_post'
  Rendering layout layouts/application.html.erb
  Rendering posts/show.html.erb within layouts/application
  Rendered posts/show.html.erb within layouts/application (Duration: 0.8ms | Allocations: 109)
[Webpacker] Everything's up-to-date. Nothing to do
  Rendered layout layouts/application.html.erb (Duration: 14.6ms | Allocations: 3604)
Completed 200 OK in 24ms (Views: 16.6ms | ActiveRecord: 0.7ms | Allocations: 4609)


Started GET "/posts" for 127.0.0.1 at 2022-03-24 17:53:04 +0100
Processing by PostsController#index as HTML
  Rendering layout layouts/application.html.erb
  Rendering posts/index.html.erb within layouts/application
  [1m[36mPost Load (0.3ms)[0m  [1m[34mSELECT "posts".* FROM "posts"[0m
  â†³ app/views/posts/index.html.erb:15
  Rendered posts/index.html.erb within layouts/application (Duration: 5.6ms | Allocations: 822)
[Webpacker] Everything's up-to-date. Nothing to do
  Rendered layout layouts/application.html.erb (Duration: 12.6ms | Allocations: 3723)
Completed 200 OK in 16ms (Views: 14.1ms | ActiveRecord: 0.3ms | Allocations: 4187)


Started DELETE "/posts/1" for 127.0.0.1 at 2022-03-24 17:53:06 +0100
Processing by PostsController#destroy as HTML
  Parameters: {"authenticity_token"=>"[FILTERED]", "id"=>"1"}
  [1m[36mPost Load (0.2ms)[0m  [1m[34mSELECT "posts".* FROM "posts" WHERE "posts"."id" = ? LIMIT ?[0m  [["id", 1], ["LIMIT", 1]]
  â†³ app/controllers/posts_controller.rb:63:in `set_post'
  [1m[36mTRANSACTION (0.2ms)[0m  [1m[36mbegin transaction[0m
  â†³ app/controllers/posts_controller.rb:52:in `destroy'
  [1m[36mPost Destroy (0.4ms)[0m  [1m[31mDELETE FROM "posts" WHERE "posts"."id" = ?[0m  [["id", 1]]
  â†³ app/controllers/posts_controller.rb:52:in `destroy'
  [1m[36mTRANSACTION (10.2ms)[0m  [1m[36mcommit transaction[0m
  â†³ app/controllers/posts_controller.rb:52:in `destroy'
Redirected to http://127.0.0.1:3000/posts
Completed 302 Found in 32ms (ActiveRecord: 11.0ms | Allocations: 4823)


Started GET "/posts" for 127.0.0.1 at 2022-03-24 17:53:06 +0100
Processing by PostsController#index as HTML
  Rendering layout layouts/application.html.erb
  Rendering posts/index.html.erb within layouts/application
  [1m[36mPost Load (0.1ms)[0m  [1m[34mSELECT "posts".* FROM "posts"[0m
  â†³ app/views/posts/index.html.erb:15
  Rendered posts/index.html.erb within layouts/application (Duration: 2.8ms | Allocations: 719)
[Webpacker] Everything's up-to-date. Nothing to do
  Rendered layout layouts/application.html.erb (Duration: 13.9ms | Allocations: 3625)
Completed 200 OK in 16ms (Views: 14.4ms | ActiveRecord: 0.1ms | Allocations: 4094)


  [1m[35m (0.7ms)[0m  [1m[34mSELECT sqlite_version(*)[0m
  [1m[35m (0.2ms)[0m  [1m[34mSELECT "schema_migrations"."version" FROM "schema_migrations" ORDER BY "schema_migrations"."version" ASC[0m
Migrating to DeviseCreateUsers (20220324170359)
  [1m[36mTRANSACTION (0.1ms)[0m  [1m[36mbegin transaction[0m
  [1m[35m (0.5ms)[0m  [1m[35mCREATE TABLE "users" ("id" integer PRIMARY KEY AUTOINCREMENT NOT NULL, "email" varchar DEFAULT '' NOT NULL, "encrypted_password" varchar DEFAULT '' NOT NULL, "reset_password_token" varchar, "reset_password_sent_at" datetime, "remember_created_at" datetime, "created_at" datetime(6) NOT NULL, "updated_at" datetime(6) NOT NULL)[0m
  [1m[35m (0.2ms)[0m  [1m[35mCREATE UNIQUE INDEX "index_users_on_email" ON "users" ("email")[0m
  [1m[35m (0.2ms)[0m  [1m[35mCREATE UNIQUE INDEX "index_users_on_reset_password_token" ON "users" ("reset_password_token")[0m
  [1m[36mActiveRecord::SchemaMigration Create (0.2ms)[0m  [1m[32mINSERT INTO "schema_migrations" ("version") VALUES (?)[0m  [["version", "20220324170359"]]
  [1m[36mTRANSACTION (2.5ms)[0m  [1m[36mcommit transaction[0m
  [1m[36mActiveRecord::InternalMetadata Load (0.2ms)[0m  [1m[34mSELECT "ar_internal_metadata".* FROM "ar_internal_metadata" WHERE "ar_internal_metadata"."key" = ? LIMIT ?[0m  [["key", "environment"], ["LIMIT", 1]]
  [1m[35m (0.1ms)[0m  [1m[34mSELECT sqlite_version(*)[0m
  [1m[35m (0.1ms)[0m  [1m[34mSELECT "schema_migrations"."version" FROM "schema_migrations" ORDER BY "schema_migrations"."version" ASC[0m
  [1m[35m (0.6ms)[0m  [1m[34mSELECT sqlite_version(*)[0m
  [1m[35m (0.2ms)[0m  [1m[34mSELECT "schema_migrations"."version" FROM "schema_migrations" ORDER BY "schema_migrations"."version" ASC[0m
Migrating to AddUserIdToPosts (20220324173806)
  [1m[36mTRANSACTION (0.1ms)[0m  [1m[36mbegin transaction[0m
  [1m[35m (0.5ms)[0m  [1m[35mALTER TABLE "posts" ADD "user_id" reference[0m
  [1m[36mActiveRecord::SchemaMigration Create (0.3ms)[0m  [1m[32mINSERT INTO "schema_migrations" ("version") VALUES (?)[0m  [["version", "20220324173806"]]
  [1m[36mTRANSACTION (16.6ms)[0m  [1m[36mcommit transaction[0m
  [1m[36mActiveRecord::InternalMetadata Load (0.3ms)[0m  [1m[34mSELECT "ar_internal_metadata".* FROM "ar_internal_metadata" WHERE "ar_internal_metadata"."key" = ? LIMIT ?[0m  [["key", "environment"], ["LIMIT", 1]]
  [1m[35m (0.1ms)[0m  [1m[34mSELECT sqlite_version(*)[0m
  [1m[35m (0.2ms)[0m  [1m[34mSELECT "schema_migrations"."version" FROM "schema_migrations" ORDER BY "schema_migrations"."version" ASC[0m
Started GET "/posts" for 127.0.0.1 at 2022-03-24 18:42:35 +0100
  
NoMethodError (undefined method `devise_for' for #<ActionDispatch::Routing::Mapper:0x00007fbd4c57d1e8 @set=#<ActionDispatch::Routing::RouteSet:0x0000559c292cd5d8>, @draw_paths=[#<Pathname:/home/hojnik/Documents/GitHub/BestMovieKolektion/config/routes>], @scope=#<ActionDispatch::Routing::Mapper::Scope:0x00007fbd4c57d198 @hash={:path_names=>{:new=>"new", :edit=>"edit"}}, @parent=#<ActionDispatch::Routing::Mapper::Scope:0x0000559c29215050 @hash=nil, @parent=nil, @scope_level=nil>, @scope_level=nil>, @concerns={}>):
  
config/routes.rb:2:in `block in <main>'
config/routes.rb:1:in `<main>'
Started GET "/posts" for 127.0.0.1 at 2022-03-24 18:42:43 +0100
  [1m[35m (0.1ms)[0m  [1m[34mSELECT sqlite_version(*)[0m
  [1m[35m (0.3ms)[0m  [1m[34mSELECT "schema_migrations"."version" FROM "schema_migrations" ORDER BY "schema_migrations"."version" ASC[0m
  
ActionController::RoutingError (No route matches [GET] "/posts"):
  
Started GET "/posts" for 127.0.0.1 at 2022-03-24 18:42:43 +0100
  
ActionController::RoutingError (No route matches [GET] "/posts"):
  
Started GET "/posts" for 127.0.0.1 at 2022-03-24 18:42:44 +0100
  
ActionController::RoutingError (No route matches [GET] "/posts"):
  
Started GET "/posts/1/edit" for 127.0.0.1 at 2022-03-24 18:42:54 +0100
  
ActionController::RoutingError (No route matches [GET] "/posts/1/edit"):
  
Started GET "/posts/new" for 127.0.0.1 at 2022-03-24 18:42:55 +0100
  
ActionController::RoutingError (No route matches [GET] "/posts/new"):
  
Started GET "/" for 127.0.0.1 at 2022-03-24 18:42:57 +0100
  
ActionController::RoutingError (No route matches [GET] "/"):
  
Started GET "/" for 127.0.0.1 at 2022-03-24 18:43:51 +0100
  
NoMethodError (undefined method `devise_for' for #<ActionDispatch::Routing::Mapper:0x00007fbd40418458 @set=#<ActionDispatch::Routing::RouteSet:0x0000559c292cd5d8>, @draw_paths=[#<Pathname:/home/hojnik/Documents/GitHub/BestMovieKolektion/config/routes>], @scope=#<ActionDispatch::Routing::Mapper::Scope:0x00007fbd40418408 @hash={:path_names=>{:new=>"new", :edit=>"edit"}}, @parent=#<ActionDispatch::Routing::Mapper::Scope:0x0000559c29215050 @hash=nil, @parent=nil, @scope_level=nil>, @scope_level=nil>, @concerns={}>):
  
config/routes.rb:3:in `block in <main>'
config/routes.rb:1:in `<main>'
  [1m[35m (0.9ms)[0m  [1m[34mSELECT sqlite_version(*)[0m
  [1m[35m (0.5ms)[0m  [1m[34mSELECT "schema_migrations"."version" FROM "schema_migrations" ORDER BY "schema_migrations"."version" ASC[0m
  [1m[36mActiveRecord::InternalMetadata Load (0.4ms)[0m  [1m[34mSELECT "ar_internal_metadata".* FROM "ar_internal_metadata" WHERE "ar_internal_metadata"."key" = ? LIMIT ?[0m  [["key", "environment"], ["LIMIT", 1]]
  [1m[35m (0.1ms)[0m  [1m[34mSELECT sqlite_version(*)[0m
  [1m[35m (0.2ms)[0m  [1m[34mSELECT "schema_migrations"."version" FROM "schema_migrations" ORDER BY "schema_migrations"."version" ASC[0m
Started GET "/" for 127.0.0.1 at 2022-03-24 18:45:08 +0100
  
NoMethodError (undefined method `devise_for' for #<ActionDispatch::Routing::Mapper:0x0000559c296103f8 @set=#<ActionDispatch::Routing::RouteSet:0x0000559c292cd5d8>, @draw_paths=[#<Pathname:/home/hojnik/Documents/GitHub/BestMovieKolektion/config/routes>], @scope=#<ActionDispatch::Routing::Mapper::Scope:0x0000559c29610380 @hash={:path_names=>{:new=>"new", :edit=>"edit"}}, @parent=#<ActionDispatch::Routing::Mapper::Scope:0x0000559c29215050 @hash=nil, @parent=nil, @scope_level=nil>, @scope_level=nil>, @concerns={}>):
  
config/routes.rb:3:in `block in <main>'
config/routes.rb:1:in `<main>'
Started GET "/" for 127.0.0.1 at 2022-03-24 18:46:40 +0100
  [1m[35m (0.5ms)[0m  [1m[34mSELECT sqlite_version(*)[0m
  [1m[35m (0.2ms)[0m  [1m[34mSELECT "schema_migrations"."version" FROM "schema_migrations" ORDER BY "schema_migrations"."version" ASC[0m
Processing by PostsController#index as HTML
  Rendering layout layouts/application.html.erb
  Rendering posts/index.html.erb within layouts/application
  [1m[36mPost Load (0.2ms)[0m  [1m[34mSELECT "posts".* FROM "posts"[0m
  â†³ app/views/posts/index.html.erb:15
  Rendered posts/index.html.erb within layouts/application (Duration: 3.7ms | Allocations: 1757)
[Webpacker] Everything's up-to-date. Nothing to do
  Rendered layout layouts/application.html.erb (Duration: 17.0ms | Allocations: 8493)
Completed 200 OK in 33ms (Views: 20.3ms | ActiveRecord: 0.2ms | Allocations: 14120)


Started GET "/posts/new" for 127.0.0.1 at 2022-03-24 18:46:41 +0100
Processing by PostsController#new as HTML
  Rendering layout layouts/application.html.erb
  Rendering posts/new.html.erb within layouts/application
  Rendered posts/_form.html.erb (Duration: 17.2ms | Allocations: 4903)
  Rendered posts/new.html.erb within layouts/application (Duration: 21.3ms | Allocations: 5337)
[Webpacker] Everything's up-to-date. Nothing to do
  Rendered layout layouts/application.html.erb (Duration: 30.8ms | Allocations: 8461)
Completed 200 OK in 49ms (Views: 32.5ms | ActiveRecord: 1.2ms | Allocations: 12858)


Started POST "/posts" for 127.0.0.1 at 2022-03-24 18:46:52 +0100
Processing by PostsController#create as HTML
  Parameters: {"authenticity_token"=>"[FILTERED]", "post"=>{"title"=>"Marcelino kruh in vino pravi ÄudeÅ¡ marcelino", "body"=>"w"}, "commit"=>"Create Post"}
  Rendering layout layouts/application.html.erb
  Rendering posts/new.html.erb within layouts/application
  Rendered posts/_form.html.erb (Duration: 3.5ms | Allocations: 1362)
  Rendered posts/new.html.erb within layouts/application (Duration: 4.0ms | Allocations: 1483)
[Webpacker] Everything's up-to-date. Nothing to do
  Rendered layout layouts/application.html.erb (Duration: 9.8ms | Allocations: 4491)
Completed 422 Unprocessable Entity in 29ms (Views: 10.6ms | ActiveRecord: 0.0ms | Allocations: 8413)


Started GET "/sign_up" for 127.0.0.1 at 2022-03-24 18:47:01 +0100
  
ActionController::RoutingError (No route matches [GET] "/sign_up"):
  
Started GET "/users/sign_up" for 127.0.0.1 at 2022-03-24 18:47:18 +0100
Processing by Devise::RegistrationsController#new as HTML
  Rendering layout layouts/application.html.erb
  Rendering devise/registrations/new.html.erb within layouts/application
  Rendered devise/shared/_error_messages.html.erb (Duration: 1.0ms | Allocations: 262)
  Rendered devise/shared/_links.html.erb (Duration: 2.3ms | Allocations: 604)
  Rendered devise/registrations/new.html.erb within layouts/application (Duration: 17.1ms | Allocations: 3738)
[Webpacker] Everything's up-to-date. Nothing to do
  Rendered layout layouts/application.html.erb (Duration: 25.5ms | Allocations: 6871)
Completed 200 OK in 45ms (Views: 29.7ms | ActiveRecord: 1.9ms | Allocations: 12668)


Started POST "/users" for 127.0.0.1 at 2022-03-24 18:47:26 +0100
Processing by Devise::RegistrationsController#create as HTML
  Parameters: {"authenticity_token"=>"[FILTERED]", "user"=>{"email"=>"zanluka.hojnik11@gmail.com", "password"=>"[FILTERED]", "password_confirmation"=>"[FILTERED]"}, "commit"=>"Sign up"}
  [1m[36mTRANSACTION (0.5ms)[0m  [1m[36mbegin transaction[0m
  [1m[36mUser Exists? (0.3ms)[0m  [1m[34mSELECT 1 AS one FROM "users" WHERE "users"."email" = ? LIMIT ?[0m  [["email", "zanluka.hojnik11@gmail.com"], ["LIMIT", 1]]
  [1m[36mUser Create (0.7ms)[0m  [1m[32mINSERT INTO "users" ("email", "encrypted_password", "created_at", "updated_at") VALUES (?, ?, ?, ?)[0m  [["email", "zanluka.hojnik11@gmail.com"], ["encrypted_password", "$2a$12$2epSYgjZm39hxRTk5OtWDuAyx7GlLLB11fvOcm1x447NX/Y7ER.sq"], ["created_at", "2022-03-24 17:47:26.749403"], ["updated_at", "2022-03-24 17:47:26.749403"]]
  [1m[36mTRANSACTION (10.7ms)[0m  [1m[36mcommit transaction[0m
Redirected to http://127.0.0.1:3000/
Completed 302 Found in 366ms (ActiveRecord: 12.2ms | Allocations: 12455)


Started GET "/" for 127.0.0.1 at 2022-03-24 18:47:26 +0100
Processing by PostsController#index as HTML
  Rendering layout layouts/application.html.erb
  Rendering posts/index.html.erb within layouts/application
  [1m[36mPost Load (0.2ms)[0m  [1m[34mSELECT "posts".* FROM "posts"[0m
  â†³ app/views/posts/index.html.erb:15
  Rendered posts/index.html.erb within layouts/application (Duration: 4.2ms | Allocations: 733)
[Webpacker] Everything's up-to-date. Nothing to do
  Rendered layout layouts/application.html.erb (Duration: 12.0ms | Allocations: 3807)
Completed 200 OK in 14ms (Views: 12.7ms | ActiveRecord: 0.2ms | Allocations: 4339)


Started GET "/posts/new" for 127.0.0.1 at 2022-03-24 18:47:28 +0100
Processing by PostsController#new as HTML
  Rendering layout layouts/application.html.erb
  Rendering posts/new.html.erb within layouts/application
  Rendered posts/_form.html.erb (Duration: 3.4ms | Allocations: 763)
  Rendered posts/new.html.erb within layouts/application (Duration: 5.7ms | Allocations: 1319)
[Webpacker] Everything's up-to-date. Nothing to do
  Rendered layout layouts/application.html.erb (Duration: 18.2ms | Allocations: 4389)
Completed 200 OK in 22ms (Views: 19.7ms | ActiveRecord: 0.0ms | Allocations: 4868)


Started POST "/posts" for 127.0.0.1 at 2022-03-24 18:47:30 +0100
Processing by PostsController#create as HTML
  Parameters: {"authenticity_token"=>"[FILTERED]", "post"=>{"title"=>"Marcelino kruh in vino pravi ÄudeÅ¡ marcelino", "body"=>"okej deli"}, "commit"=>"Create Post"}
  [1m[36mUser Load (0.4ms)[0m  [1m[34mSELECT "users".* FROM "users" WHERE "users"."id" = ? ORDER BY "users"."id" ASC LIMIT ?[0m  [["id", 1], ["LIMIT", 1]]
  â†³ app/controllers/posts_controller.rb:25:in `create'
  [1m[36mTRANSACTION (0.1ms)[0m  [1m[36mbegin transaction[0m
  â†³ app/controllers/posts_controller.rb:28:in `block in create'
  [1m[36mPost Create (0.6ms)[0m  [1m[32mINSERT INTO "posts" ("title", "body", "created_at", "updated_at", "user_id") VALUES (?, ?, ?, ?, ?)[0m  [["title", "Marcelino kruh in vino pravi ÄudeÅ¡ marcelino"], ["body", "okej deli"], ["created_at", "2022-03-24 17:47:30.684443"], ["updated_at", "2022-03-24 17:47:30.684443"], ["user_id", 1]]
  â†³ app/controllers/posts_controller.rb:28:in `block in create'
  [1m[36mTRANSACTION (9.9ms)[0m  [1m[36mcommit transaction[0m
  â†³ app/controllers/posts_controller.rb:28:in `block in create'
Redirected to http://127.0.0.1:3000/posts/2
Completed 302 Found in 31ms (ActiveRecord: 10.9ms | Allocations: 5829)


Started GET "/posts/2" for 127.0.0.1 at 2022-03-24 18:47:30 +0100
Processing by PostsController#show as HTML
  Parameters: {"id"=>"2"}
  [1m[36mPost Load (0.7ms)[0m  [1m[34mSELECT "posts".* FROM "posts" WHERE "posts"."id" = ? LIMIT ?[0m  [["id", 2], ["LIMIT", 1]]
  â†³ app/controllers/posts_controller.rb:64:in `set_post'
  Rendering layout layouts/application.html.erb
  Rendering posts/show.html.erb within layouts/application
  Rendered posts/show.html.erb within layouts/application (Duration: 1.3ms | Allocations: 269)
[Webpacker] Everything's up-to-date. Nothing to do
  Rendered layout layouts/application.html.erb (Duration: 7.7ms | Allocations: 3206)
Completed 200 OK in 14ms (Views: 8.6ms | ActiveRecord: 0.7ms | Allocations: 4577)


Started GET "/posts" for 127.0.0.1 at 2022-03-24 18:47:32 +0100
Processing by PostsController#index as HTML
  Rendering layout layouts/application.html.erb
  Rendering posts/index.html.erb within layouts/application
  [1m[36mPost Load (0.2ms)[0m  [1m[34mSELECT "posts".* FROM "posts"[0m
  â†³ app/views/posts/index.html.erb:15
  Rendered posts/index.html.erb within layouts/application (Duration: 4.8ms | Allocations: 841)
[Webpacker] Everything's up-to-date. Nothing to do
  Rendered layout layouts/application.html.erb (Duration: 19.2ms | Allocations: 4379)
Completed 200 OK in 22ms (Views: 19.9ms | ActiveRecord: 0.2ms | Allocations: 4850)


  [1m[35m (0.9ms)[0m  [1m[34mSELECT sqlite_version(*)[0m
  [1m[36mPost Load (0.5ms)[0m  [1m[34mSELECT "posts".* FROM "posts" ORDER BY "posts"."id" DESC LIMIT ?[0m  [["LIMIT", 1]]
Started GET "/posts" for 127.0.0.1 at 2022-03-24 18:49:14 +0100
Processing by PostsController#index as HTML
  Rendering layout layouts/application.html.erb
  Rendering posts/index.html.erb within layouts/application
  [1m[36mPost Load (0.2ms)[0m  [1m[34mSELECT "posts".* FROM "posts"[0m
  â†³ app/views/posts/index.html.erb:16
  [1m[36mUser Load (0.8ms)[0m  [1m[34mSELECT "users".* FROM "users" WHERE "users"."id" = ? LIMIT ?[0m  [["id", 1], ["LIMIT", 1]]
  â†³ app/views/posts/index.html.erb:20
  Rendered posts/index.html.erb within layouts/application (Duration: 40.0ms | Allocations: 9689)
  Rendered layout layouts/application.html.erb (Duration: 40.7ms | Allocations: 9766)
Completed 500 Internal Server Error in 47ms (ActiveRecord: 1.1ms | Allocations: 11178)


  
ActionView::Template::Error (undefined method `mail' for #<User id: 1, email: "zanluka.hojnik11@gmail.com", created_at: "2022-03-24 17:47:26.749403000 +0000", updated_at: "2022-03-24 17:47:26.749403000 +0000">
Did you mean?  email):
    17:       <tr>
    18:         <td><%= post.title %></td>
    19:         <td><%= post.body %></td>
    20:         <td><%= post.user.mail %></td>
    21:         <td><%= link_to 'Show', post %></td>
    22:         <td><%= link_to 'Edit', edit_post_path(post) %></td>
    23:         <td><%= link_to 'Destroy', post, method: :delete, data: { confirm: 'Are you sure?' } %></td>
  
app/views/posts/index.html.erb:20
app/views/posts/index.html.erb:16
Started GET "/posts" for 127.0.0.1 at 2022-03-24 18:50:13 +0100
Processing by PostsController#index as HTML
  Rendering layout layouts/application.html.erb
  Rendering posts/index.html.erb within layouts/application
  [1m[36mPost Load (0.2ms)[0m  [1m[34mSELECT "posts".* FROM "posts"[0m
  â†³ app/views/posts/index.html.erb:16
  [1m[36mUser Load (0.1ms)[0m  [1m[34mSELECT "users".* FROM "users" WHERE "users"."id" = ? LIMIT ?[0m  [["id", 1], ["LIMIT", 1]]
  â†³ app/views/posts/index.html.erb:20
  Rendered posts/index.html.erb within layouts/application (Duration: 6.6ms | Allocations: 2083)
[Webpacker] Everything's up-to-date. Nothing to do
  Rendered layout layouts/application.html.erb (Duration: 14.2ms | Allocations: 5457)
Completed 200 OK in 21ms (Views: 17.0ms | ActiveRecord: 0.3ms | Allocations: 6953)


Started GET "/posts/2" for 127.0.0.1 at 2022-03-24 18:50:15 +0100
Processing by PostsController#show as HTML
  Parameters: {"id"=>"2"}
  [1m[36mPost Load (0.3ms)[0m  [1m[34mSELECT "posts".* FROM "posts" WHERE "posts"."id" = ? LIMIT ?[0m  [["id", 2], ["LIMIT", 1]]
  â†³ app/controllers/posts_controller.rb:64:in `set_post'
  Rendering layout layouts/application.html.erb
  Rendering posts/show.html.erb within layouts/application
  Rendered posts/show.html.erb within layouts/application (Duration: 1.7ms | Allocations: 240)
[Webpacker] Everything's up-to-date. Nothing to do
  Rendered layout layouts/application.html.erb (Duration: 16.8ms | Allocations: 3759)
Completed 200 OK in 24ms (Views: 18.2ms | ActiveRecord: 0.3ms | Allocations: 4966)


Started GET "/posts" for 127.0.0.1 at 2022-03-24 18:50:16 +0100
Processing by PostsController#index as HTML
  Rendering layout layouts/application.html.erb
  Rendering posts/index.html.erb within layouts/application
  [1m[36mPost Load (0.5ms)[0m  [1m[34mSELECT "posts".* FROM "posts"[0m
  â†³ app/views/posts/index.html.erb:16
  [1m[36mUser Load (0.3ms)[0m  [1m[34mSELECT "users".* FROM "users" WHERE "users"."id" = ? LIMIT ?[0m  [["id", 1], ["LIMIT", 1]]
  â†³ app/views/posts/index.html.erb:20
  Rendered posts/index.html.erb within layouts/application (Duration: 9.5ms | Allocations: 1585)
[Webpacker] Everything's up-to-date. Nothing to do
  Rendered layout layouts/application.html.erb (Duration: 24.2ms | Allocations: 5115)
Completed 200 OK in 28ms (Views: 24.9ms | ActiveRecord: 0.8ms | Allocations: 5586)


Started GET "/posts" for 127.0.0.1 at 2022-03-24 18:50:37 +0100
Processing by PostsController#index as HTML
  Rendering layout layouts/application.html.erb
  Rendering posts/index.html.erb within layouts/application
  [1m[36mPost Load (0.2ms)[0m  [1m[34mSELECT "posts".* FROM "posts"[0m
  â†³ app/views/posts/index.html.erb:16
  [1m[36mUser Load (0.2ms)[0m  [1m[34mSELECT "users".* FROM "users" WHERE "users"."id" = ? LIMIT ?[0m  [["id", 1], ["LIMIT", 1]]
  â†³ app/views/posts/index.html.erb:20
  Rendered posts/index.html.erb within layouts/application (Duration: 11.3ms | Allocations: 2094)
[Webpacker] Everything's up-to-date. Nothing to do
  Rendered layout layouts/application.html.erb (Duration: 20.5ms | Allocations: 5467)
Completed 200 OK in 27ms (Views: 24.1ms | ActiveRecord: 0.4ms | Allocations: 6913)


Started GET "/posts/2" for 127.0.0.1 at 2022-03-24 18:50:39 +0100
Processing by PostsController#show as HTML
  Parameters: {"id"=>"2"}
  [1m[36mPost Load (0.3ms)[0m  [1m[34mSELECT "posts".* FROM "posts" WHERE "posts"."id" = ? LIMIT ?[0m  [["id", 2], ["LIMIT", 1]]
  â†³ app/controllers/posts_controller.rb:64:in `set_post'
  Rendering layout layouts/application.html.erb
  Rendering posts/show.html.erb within layouts/application
  [1m[36mUser Load (0.4ms)[0m  [1m[34mSELECT "users".* FROM "users" WHERE "users"."id" = ? LIMIT ?[0m  [["id", 1], ["LIMIT", 1]]
  â†³ app/views/posts/show.html.erb:15
  Rendered posts/show.html.erb within layouts/application (Duration: 7.9ms | Allocations: 1053)
[Webpacker] Everything's up-to-date. Nothing to do
  Rendered layout layouts/application.html.erb (Duration: 20.5ms | Allocations: 4112)
Completed 200 OK in 31ms (Views: 22.7ms | ActiveRecord: 0.7ms | Allocations: 5779)


Started GET "/posts" for 127.0.0.1 at 2022-03-24 18:50:42 +0100
Processing by PostsController#index as HTML
  Rendering layout layouts/application.html.erb
  Rendering posts/index.html.erb within layouts/application
  [1m[36mPost Load (0.2ms)[0m  [1m[34mSELECT "posts".* FROM "posts"[0m
  â†³ app/views/posts/index.html.erb:16
  [1m[36mUser Load (0.2ms)[0m  [1m[34mSELECT "users".* FROM "users" WHERE "users"."id" = ? LIMIT ?[0m  [["id", 1], ["LIMIT", 1]]
  â†³ app/views/posts/index.html.erb:20
  Rendered posts/index.html.erb within layouts/application (Duration: 7.0ms | Allocations: 1585)
[Webpacker] Everything's up-to-date. Nothing to do
  Rendered layout layouts/application.html.erb (Duration: 25.4ms | Allocations: 5123)
Completed 200 OK in 28ms (Views: 26.3ms | ActiveRecord: 0.4ms | Allocations: 5594)


Started GET "/posts" for 127.0.0.1 at 2022-03-24 18:50:49 +0100
Processing by PostsController#index as HTML
  Rendering layout layouts/application.html.erb
  Rendering posts/index.html.erb within layouts/application
  [1m[36mPost Load (0.3ms)[0m  [1m[34mSELECT "posts".* FROM "posts"[0m
  â†³ app/views/posts/index.html.erb:16
  [1m[36mUser Load (0.2ms)[0m  [1m[34mSELECT "users".* FROM "users" WHERE "users"."id" = ? LIMIT ?[0m  [["id", 1], ["LIMIT", 1]]
  â†³ app/views/posts/index.html.erb:20
  Rendered posts/index.html.erb within layouts/application (Duration: 10.0ms | Allocations: 2080)
[Webpacker] Everything's up-to-date. Nothing to do
  Rendered layout layouts/application.html.erb (Duration: 18.4ms | Allocations: 5442)
Completed 200 OK in 24ms (Views: 21.1ms | ActiveRecord: 0.5ms | Allocations: 6878)


